<?xml version="1.0" encoding="UTF-8"?>
<testsuite xmlns:xsi="http://www.w3.org/2001/XMLSchema-instance" xsi:noNamespaceSchemaLocation="https://maven.apache.org/surefire/maven-surefire-plugin/xsd/surefire-test-report-3.0.xsd" version="3.0" name="dev.ekli.movies.MoviesApplicationTests" time="3.665" tests="1" errors="0" skipped="0" failures="0">
  <properties>
[...]
</properties>
  <testcase name="contextLoads" classname="dev.ekli.movies.MoviesApplicationTests" time="0.949">
    <system-out><![CDATA[23:28:54.309 [main] INFO org.springframework.test.context.support.AnnotationConfigContextLoaderUtils -- Could not detect default configuration classes for test class [dev.ekli.movies.MoviesApplicationTests]: MoviesApplicationTests does not declare any static, non-private, non-final, nested classes annotated with @Configuration.
23:28:54.419 [main] INFO org.springframework.boot.test.context.SpringBootTestContextBootstrapper -- Found @SpringBootConfiguration dev.ekli.movies.MoviesApplication for test class dev.ekli.movies.MoviesApplicationTests
23:28:54.573 [main] INFO org.springframework.boot.devtools.restart.RestartApplicationListener -- Restart disabled due to context in which it is running
  .   ____          _            __ _ _
 /\\ / ___'_ __ _ _(_)_ __  __ _ \ \ \ \
( ( )\___ | '_ | '_| | '_ \/ _` | \ \ \ \
 \\/  ___)| |_)| | | | | || (_| |  ) ) ) )
  '  |____| .__|_| |_|_| |_\__, | / / / /
 =========|_|==============|___/=/_/_/_/

 :: Spring Boot ::                (v3.3.0)

2024-05-30T23:28:54.778-04:00  INFO 33252 --- [           main] dev.ekli.movies.MoviesApplicationTests   : Starting MoviesApplicationTests using Java 17.0.11 with PID 33252 (started by ericl in C:\Users\ericl\OneDrive - Worcester Polytechnic Institute (wpi.edu)\FULL STACK\Project\movies)
2024-05-30T23:28:54.779-04:00  INFO 33252 --- [           main] dev.ekli.movies.MoviesApplicationTests   : No active profile set, falling back to 1 default profile: "default"
2024-05-30T23:28:55.291-04:00  INFO 33252 --- [           main] .s.d.r.c.RepositoryConfigurationDelegate : Bootstrapping Spring Data MongoDB repositories in DEFAULT mode.
2024-05-30T23:28:55.346-04:00  INFO 33252 --- [           main] .s.d.r.c.RepositoryConfigurationDelegate : Finished Spring Data repository scanning in 50 ms. Found 2 MongoDB repository interfaces.
2024-05-30T23:28:55.850-04:00  INFO 33252 --- [           main] org.mongodb.driver.client                : MongoClient with metadata {"driver": {"name": "mongo-java-driver|sync|spring-boot", "version": "5.0.1"}, "os": {"type": "Windows", "name": "Windows 11", "architecture": "amd64", "version": "10.0"}, "platform": "Java/Oracle Corporation/17.0.11+7-LTS-207"} created with settings MongoClientSettings{readPreference=primary, writeConcern=WriteConcern{w=null, wTimeout=null ms, journal=null}, retryWrites=true, retryReads=true, readConcern=ReadConcern{level=null}, credential=MongoCredential{mechanism=null, userName='ekli', source='admin', password=<hidden>, mechanismProperties=<hidden>}, transportSettings=null, commandListeners=[], codecRegistry=ProvidersCodecRegistry{codecProviders=[ValueCodecProvider{}, BsonValueCodecProvider{}, DBRefCodecProvider{}, DBObjectCodecProvider{}, DocumentCodecProvider{}, CollectionCodecProvider{}, IterableCodecProvider{}, MapCodecProvider{}, GeoJsonCodecProvider{}, GridFSFileCodecProvider{}, Jsr310CodecProvider{}, JsonObjectCodecProvider{}, BsonCodecProvider{}, EnumCodecProvider{}, com.mongodb.client.model.mql.ExpressionCodecProvider@f8a6243, com.mongodb.Jep395RecordCodecProvider@4a8ffd75, com.mongodb.KotlinCodecProvider@1727e03a]}, loggerSettings=LoggerSettings{maxDocumentLength=1000}, clusterSettings={hosts=[127.0.0.1:27017], srvHost=cluster0.si76rvr.mongodb.net, srvServiceName=mongodb, mode=MULTIPLE, requiredClusterType=REPLICA_SET, requiredReplicaSetName='atlas-wlzjnf-shard-0', serverSelector='null', clusterListeners='[]', serverSelectionTimeout='30000 ms', localThreshold='15 ms'}, socketSettings=SocketSettings{connectTimeoutMS=10000, readTimeoutMS=0, receiveBufferSize=0, proxySettings=ProxySettings{host=null, port=null, username=null, password=null}}, heartbeatSocketSettings=SocketSettings{connectTimeoutMS=10000, readTimeoutMS=10000, receiveBufferSize=0, proxySettings=ProxySettings{host=null, port=null, username=null, password=null}}, connectionPoolSettings=ConnectionPoolSettings{maxSize=100, minSize=0, maxWaitTimeMS=120000, maxConnectionLifeTimeMS=0, maxConnectionIdleTimeMS=0, maintenanceInitialDelayMS=0, maintenanceFrequencyMS=60000, connectionPoolListeners=[], maxConnecting=2}, serverSettings=ServerSettings{heartbeatFrequencyMS=10000, minHeartbeatFrequencyMS=500, serverListeners='[]', serverMonitorListeners='[]'}, sslSettings=SslSettings{enabled=true, invalidHostNameAllowed=false, context=null}, applicationName='null', compressorList=[], uuidRepresentation=JAVA_LEGACY, serverApi=null, autoEncryptionSettings=null, dnsClient=null, inetAddressResolver=null, contextProvider=null}
2024-05-30T23:28:55.872-04:00  INFO 33252 --- [rvr.mongodb.net] org.mongodb.driver.cluster               : Adding discovered server ac-tagwb0h-shard-00-02.si76rvr.mongodb.net:27017 to client view of cluster
2024-05-30T23:28:55.902-04:00  INFO 33252 --- [rvr.mongodb.net] org.mongodb.driver.cluster               : Adding discovered server ac-tagwb0h-shard-00-01.si76rvr.mongodb.net:27017 to client view of cluster
2024-05-30T23:28:55.904-04:00  INFO 33252 --- [rvr.mongodb.net] org.mongodb.driver.cluster               : Adding discovered server ac-tagwb0h-shard-00-00.si76rvr.mongodb.net:27017 to client view of cluster
2024-05-30T23:28:56.864-04:00  INFO 33252 --- [           main] dev.ekli.movies.MoviesApplicationTests   : Started MoviesApplicationTests in 2.303 seconds (process running for 3.11)
2024-05-30T23:28:57.425-04:00  INFO 33252 --- [ngodb.net:27017] org.mongodb.driver.cluster               : Monitor thread successfully connected to server with description ServerDescription{address=ac-tagwb0h-shard-00-01.si76rvr.mongodb.net:27017, type=REPLICA_SET_SECONDARY, state=CONNECTED, ok=true, minWireVersion=0, maxWireVersion=21, maxDocumentSize=16777216, logicalSessionTimeoutMinutes=30, roundTripTimeNanos=277296100, setName='atlas-wlzjnf-shard-0', canonicalAddress=ac-tagwb0h-shard-00-01.si76rvr.mongodb.net:27017, hosts=[ac-tagwb0h-shard-00-00.si76rvr.mongodb.net:27017, ac-tagwb0h-shard-00-02.si76rvr.mongodb.net:27017, ac-tagwb0h-shard-00-01.si76rvr.mongodb.net:27017], passives=[], arbiters=[], primary='ac-tagwb0h-shard-00-02.si76rvr.mongodb.net:27017', tagSet=TagSet{[Tag{name='availabilityZone', value='use1-az2'}, Tag{name='diskState', value='READY'}, Tag{name='nodeType', value='ELECTABLE'}, Tag{name='provider', value='AWS'}, Tag{name='region', value='US_EAST_1'}, Tag{name='workloadType', value='OPERATIONAL'}]}, electionId=null, setVersion=57, topologyVersion=TopologyVersion{processId=665825d89a339e0890c64d1d, counter=3}, lastWriteDate=Thu May 30 23:28:57 EDT 2024, lastUpdateTimeNanos=801784584854400}
2024-05-30T23:28:57.425-04:00  INFO 33252 --- [ngodb.net:27017] org.mongodb.driver.cluster               : Monitor thread successfully connected to server with description ServerDescription{address=ac-tagwb0h-shard-00-00.si76rvr.mongodb.net:27017, type=REPLICA_SET_SECONDARY, state=CONNECTED, ok=true, minWireVersion=0, maxWireVersion=21, maxDocumentSize=16777216, logicalSessionTimeoutMinutes=30, roundTripTimeNanos=256697000, setName='atlas-wlzjnf-shard-0', canonicalAddress=ac-tagwb0h-shard-00-00.si76rvr.mongodb.net:27017, hosts=[ac-tagwb0h-shard-00-00.si76rvr.mongodb.net:27017, ac-tagwb0h-shard-00-02.si76rvr.mongodb.net:27017, ac-tagwb0h-shard-00-01.si76rvr.mongodb.net:27017], passives=[], arbiters=[], primary='ac-tagwb0h-shard-00-02.si76rvr.mongodb.net:27017', tagSet=TagSet{[Tag{name='availabilityZone', value='use1-az1'}, Tag{name='diskState', value='READY'}, Tag{name='nodeType', value='ELECTABLE'}, Tag{name='provider', value='AWS'}, Tag{name='region', value='US_EAST_1'}, Tag{name='workloadType', value='OPERATIONAL'}]}, electionId=null, setVersion=57, topologyVersion=TopologyVersion{processId=66582482b5741d6909b442d9, counter=4}, lastWriteDate=Thu May 30 23:28:57 EDT 2024, lastUpdateTimeNanos=801784584854600}
2024-05-30T23:28:57.425-04:00  INFO 33252 --- [ngodb.net:27017] org.mongodb.driver.cluster               : Monitor thread successfully connected to server with description ServerDescription{address=ac-tagwb0h-shard-00-02.si76rvr.mongodb.net:27017, type=REPLICA_SET_PRIMARY, state=CONNECTED, ok=true, minWireVersion=0, maxWireVersion=21, maxDocumentSize=16777216, logicalSessionTimeoutMinutes=30, roundTripTimeNanos=266819600, setName='atlas-wlzjnf-shard-0', canonicalAddress=ac-tagwb0h-shard-00-02.si76rvr.mongodb.net:27017, hosts=[ac-tagwb0h-shard-00-00.si76rvr.mongodb.net:27017, ac-tagwb0h-shard-00-02.si76rvr.mongodb.net:27017, ac-tagwb0h-shard-00-01.si76rvr.mongodb.net:27017], passives=[], arbiters=[], primary='ac-tagwb0h-shard-00-02.si76rvr.mongodb.net:27017', tagSet=TagSet{[Tag{name='availabilityZone', value='use1-az5'}, Tag{name='diskState', value='READY'}, Tag{name='nodeType', value='ELECTABLE'}, Tag{name='provider', value='AWS'}, Tag{name='region', value='US_EAST_1'}, Tag{name='workloadType', value='OPERATIONAL'}]}, electionId=7fffffff0000000000000161, setVersion=57, topologyVersion=TopologyVersion{processId=665823614a3bd9b6595e04b4, counter=6}, lastWriteDate=Thu May 30 23:28:57 EDT 2024, lastUpdateTimeNanos=801784584854300}
2024-05-30T23:28:57.430-04:00  INFO 33252 --- [ngodb.net:27017] org.mongodb.driver.cluster               : Discovered replica set primary ac-tagwb0h-shard-00-02.si76rvr.mongodb.net:27017 with max election id 7fffffff0000000000000161 and max set version 57
]]></system-out>
  </testcase>
</testsuite>